Determining if the pthread_create exist failed with the following output:
Change Dir: /home/meriki/Documents/5th Sem/CG/Assignment02_code/cmake-build-debug/CMakeFiles/CMakeTmp

Run Build Command:"/usr/bin/make" "cmTC_d2429/fast"
/usr/bin/make -f CMakeFiles/cmTC_d2429.dir/build.make CMakeFiles/cmTC_d2429.dir/build
make[1]: Entering directory '/home/meriki/Documents/5th Sem/CG/Assignment02_code/cmake-build-debug/CMakeFiles/CMakeTmp'
Building C object CMakeFiles/cmTC_d2429.dir/CheckSymbolExists.c.o
/usr/bin/cc    -o CMakeFiles/cmTC_d2429.dir/CheckSymbolExists.c.o   -c "/home/meriki/Documents/5th Sem/CG/Assignment02_code/cmake-build-debug/CMakeFiles/CMakeTmp/CheckSymbolExists.c"
Linking C executable cmTC_d2429
/home/meriki/App_files/clion-2017.2.1/bin/cmake/bin/cmake -E cmake_link_script CMakeFiles/cmTC_d2429.dir/link.txt --verbose=1
/usr/bin/cc      -rdynamic CMakeFiles/cmTC_d2429.dir/CheckSymbolExists.c.o  -o cmTC_d2429 
CMakeFiles/cmTC_d2429.dir/CheckSymbolExists.c.o: In function `main':
CheckSymbolExists.c:(.text+0x16): undefined reference to `pthread_create'
collect2: error: ld returned 1 exit status
CMakeFiles/cmTC_d2429.dir/build.make:97: recipe for target 'cmTC_d2429' failed
make[1]: *** [cmTC_d2429] Error 1
make[1]: Leaving directory '/home/meriki/Documents/5th Sem/CG/Assignment02_code/cmake-build-debug/CMakeFiles/CMakeTmp'
Makefile:126: recipe for target 'cmTC_d2429/fast' failed
make: *** [cmTC_d2429/fast] Error 2

File /home/meriki/Documents/5th Sem/CG/Assignment02_code/cmake-build-debug/CMakeFiles/CMakeTmp/CheckSymbolExists.c:
/* */
#include <pthread.h>

int main(int argc, char** argv)
{
  (void)argv;
#ifndef pthread_create
  return ((int*)(&pthread_create))[argc];
#else
  (void)argc;
  return 0;
#endif
}

Determining if the function pthread_create exists in the pthreads failed with the following output:
Change Dir: /home/meriki/Documents/5th Sem/CG/Assignment02_code/cmake-build-debug/CMakeFiles/CMakeTmp

Run Build Command:"/usr/bin/make" "cmTC_ed909/fast"
/usr/bin/make -f CMakeFiles/cmTC_ed909.dir/build.make CMakeFiles/cmTC_ed909.dir/build
make[1]: Entering directory '/home/meriki/Documents/5th Sem/CG/Assignment02_code/cmake-build-debug/CMakeFiles/CMakeTmp'
Building C object CMakeFiles/cmTC_ed909.dir/CheckFunctionExists.c.o
/usr/bin/cc   -DCHECK_FUNCTION_EXISTS=pthread_create   -o CMakeFiles/cmTC_ed909.dir/CheckFunctionExists.c.o   -c /home/meriki/App_files/clion-2017.2.1/bin/cmake/share/cmake-3.8/Modules/CheckFunctionExists.c
Linking C executable cmTC_ed909
/home/meriki/App_files/clion-2017.2.1/bin/cmake/bin/cmake -E cmake_link_script CMakeFiles/cmTC_ed909.dir/link.txt --verbose=1
/usr/bin/cc  -DCHECK_FUNCTION_EXISTS=pthread_create    -rdynamic CMakeFiles/cmTC_ed909.dir/CheckFunctionExists.c.o  -o cmTC_ed909 -lpthreads 
/usr/bin/ld: cannot find -lpthreads
collect2: error: ld returned 1 exit status
CMakeFiles/cmTC_ed909.dir/build.make:97: recipe for target 'cmTC_ed909' failed
make[1]: *** [cmTC_ed909] Error 1
make[1]: Leaving directory '/home/meriki/Documents/5th Sem/CG/Assignment02_code/cmake-build-debug/CMakeFiles/CMakeTmp'
Makefile:126: recipe for target 'cmTC_ed909/fast' failed
make: *** [cmTC_ed909/fast] Error 2


